Build started 19/03/2013 01:02:25.
     1>Project "C:\Users\James\Documents\GitHub\JGamlin-OceanWaves\rtvsD3dApp.vcxproj" on node 2 (build target(s)).
     1>InitializeBuildStatus:
         Creating ".\Debug\rtvsD3dApp.unsuccessfulbuild" because "AlwaysCreate" was specified.
       ClCompile:
         C:\Program Files (x86)\Microsoft Visual Studio 10.0\VC\bin\CL.exe /c /ZI /nologo /W3 /WX- /Od /Oy- /D WIN32 /D _DEBUG /D _WINDOWS /D _VC80_UPGRADE=0x0710 /D _MBCS /Gm- /EHsc /RTC1 /MTd /GS /fp:precise /Zc:wchar_t /Zc:forScope /Fo".\Debug/" /Fd".\Debug/vc100.pdb" /FR".\Debug\\" /Gd /TP /analyze- /errorReport:prompt source\rtvsD3dApp.cpp
         rtvsD3dApp.cpp
     1>c:\users\james\documents\github\jgamlin-oceanwaves\source\rtvsd3dapp.cpp(388): warning C4244: '=' : conversion from 'double' to 'float', possible loss of data
     1>c:\users\james\documents\github\jgamlin-oceanwaves\source\rtvsd3dapp.cpp(389): warning C4244: '=' : conversion from 'double' to 'float', possible loss of data
     1>c:\users\james\documents\github\jgamlin-oceanwaves\source\rtvsd3dapp.cpp(390): warning C4244: '=' : conversion from 'double' to 'float', possible loss of data
     1>c:\users\james\documents\github\jgamlin-oceanwaves\source\rtvsd3dapp.cpp(391): warning C4244: '=' : conversion from 'double' to 'float', possible loss of data
     1>c:\users\james\documents\github\jgamlin-oceanwaves\source\rtvsd3dapp.cpp(392): warning C4244: '=' : conversion from 'double' to 'float', possible loss of data
     1>c:\users\james\documents\github\jgamlin-oceanwaves\source\rtvsd3dapp.cpp(393): warning C4244: '=' : conversion from 'double' to 'float', possible loss of data
     1>c:\users\james\documents\github\jgamlin-oceanwaves\source\rtvsd3dapp.cpp(394): warning C4244: '=' : conversion from 'double' to 'float', possible loss of data
     1>c:\users\james\documents\github\jgamlin-oceanwaves\source\rtvsd3dapp.cpp(410): warning C4244: '=' : conversion from 'double' to 'float', possible loss of data
     1>c:\users\james\documents\github\jgamlin-oceanwaves\source\rtvsd3dapp.cpp(411): warning C4244: '=' : conversion from 'double' to 'float', possible loss of data
     1>c:\users\james\documents\github\jgamlin-oceanwaves\source\rtvsd3dapp.cpp(412): warning C4244: '=' : conversion from 'double' to 'float', possible loss of data
     1>c:\users\james\documents\github\jgamlin-oceanwaves\source\rtvsd3dapp.cpp(413): warning C4244: '=' : conversion from 'double' to 'float', possible loss of data
     1>c:\users\james\documents\github\jgamlin-oceanwaves\source\rtvsd3dapp.cpp(414): warning C4244: '=' : conversion from 'double' to 'float', possible loss of data
     1>c:\users\james\documents\github\jgamlin-oceanwaves\source\rtvsd3dapp.cpp(415): warning C4244: '=' : conversion from 'double' to 'float', possible loss of data
     1>c:\users\james\documents\github\jgamlin-oceanwaves\source\rtvsd3dapp.cpp(416): warning C4244: '=' : conversion from 'double' to 'float', possible loss of data
     1>c:\users\james\documents\github\jgamlin-oceanwaves\source\rtvsd3dapp.cpp(431): warning C4244: '=' : conversion from 'double' to 'float', possible loss of data
     1>c:\users\james\documents\github\jgamlin-oceanwaves\source\rtvsd3dapp.cpp(432): warning C4244: '=' : conversion from 'double' to 'float', possible loss of data
     1>c:\users\james\documents\github\jgamlin-oceanwaves\source\rtvsd3dapp.cpp(433): warning C4244: '=' : conversion from 'double' to 'float', possible loss of data
     1>c:\users\james\documents\github\jgamlin-oceanwaves\source\rtvsd3dapp.cpp(434): warning C4244: '=' : conversion from 'double' to 'float', possible loss of data
     1>c:\users\james\documents\github\jgamlin-oceanwaves\source\rtvsd3dapp.cpp(435): warning C4244: '=' : conversion from 'double' to 'float', possible loss of data
     1>c:\users\james\documents\github\jgamlin-oceanwaves\source\rtvsd3dapp.cpp(436): warning C4244: '=' : conversion from 'double' to 'float', possible loss of data
     1>c:\users\james\documents\github\jgamlin-oceanwaves\source\rtvsd3dapp.cpp(437): warning C4244: '=' : conversion from 'double' to 'float', possible loss of data
     1>c:\users\james\documents\github\jgamlin-oceanwaves\source\rtvsd3dapp.cpp(452): warning C4244: '=' : conversion from 'double' to 'float', possible loss of data
     1>c:\users\james\documents\github\jgamlin-oceanwaves\source\rtvsd3dapp.cpp(453): warning C4244: '=' : conversion from 'double' to 'float', possible loss of data
     1>c:\users\james\documents\github\jgamlin-oceanwaves\source\rtvsd3dapp.cpp(454): warning C4244: '=' : conversion from 'double' to 'float', possible loss of data
     1>c:\users\james\documents\github\jgamlin-oceanwaves\source\rtvsd3dapp.cpp(455): warning C4244: '=' : conversion from 'double' to 'float', possible loss of data
     1>c:\users\james\documents\github\jgamlin-oceanwaves\source\rtvsd3dapp.cpp(456): warning C4244: '=' : conversion from 'double' to 'float', possible loss of data
     1>c:\users\james\documents\github\jgamlin-oceanwaves\source\rtvsd3dapp.cpp(457): warning C4244: '=' : conversion from 'double' to 'float', possible loss of data
     1>c:\users\james\documents\github\jgamlin-oceanwaves\source\rtvsd3dapp.cpp(458): warning C4244: '=' : conversion from 'double' to 'float', possible loss of data
     1>c:\users\james\documents\github\jgamlin-oceanwaves\source\rtvsd3dapp.cpp(473): warning C4244: '=' : conversion from 'double' to 'float', possible loss of data
     1>c:\users\james\documents\github\jgamlin-oceanwaves\source\rtvsd3dapp.cpp(474): warning C4244: '=' : conversion from 'double' to 'float', possible loss of data
     1>c:\users\james\documents\github\jgamlin-oceanwaves\source\rtvsd3dapp.cpp(475): warning C4244: '=' : conversion from 'double' to 'float', possible loss of data
     1>c:\users\james\documents\github\jgamlin-oceanwaves\source\rtvsd3dapp.cpp(476): warning C4244: '=' : conversion from 'double' to 'float', possible loss of data
     1>c:\users\james\documents\github\jgamlin-oceanwaves\source\rtvsd3dapp.cpp(477): warning C4244: '=' : conversion from 'double' to 'float', possible loss of data
     1>c:\users\james\documents\github\jgamlin-oceanwaves\source\rtvsd3dapp.cpp(478): warning C4244: '=' : conversion from 'double' to 'float', possible loss of data
     1>c:\users\james\documents\github\jgamlin-oceanwaves\source\rtvsd3dapp.cpp(479): warning C4244: '=' : conversion from 'double' to 'float', possible loss of data
     1>c:\users\james\documents\github\jgamlin-oceanwaves\source\rtvsd3dapp.cpp(494): warning C4244: '=' : conversion from 'double' to 'float', possible loss of data
     1>c:\users\james\documents\github\jgamlin-oceanwaves\source\rtvsd3dapp.cpp(495): warning C4244: '=' : conversion from 'double' to 'float', possible loss of data
     1>c:\users\james\documents\github\jgamlin-oceanwaves\source\rtvsd3dapp.cpp(496): warning C4244: '=' : conversion from 'double' to 'float', possible loss of data
     1>c:\users\james\documents\github\jgamlin-oceanwaves\source\rtvsd3dapp.cpp(497): warning C4244: '=' : conversion from 'double' to 'float', possible loss of data
     1>c:\users\james\documents\github\jgamlin-oceanwaves\source\rtvsd3dapp.cpp(498): warning C4244: '=' : conversion from 'double' to 'float', possible loss of data
     1>c:\users\james\documents\github\jgamlin-oceanwaves\source\rtvsd3dapp.cpp(499): warning C4244: '=' : conversion from 'double' to 'float', possible loss of data
     1>c:\users\james\documents\github\jgamlin-oceanwaves\source\rtvsd3dapp.cpp(500): warning C4244: '=' : conversion from 'double' to 'float', possible loss of data
     1>c:\users\james\documents\github\jgamlin-oceanwaves\source\rtvsd3dapp.cpp(515): warning C4244: '=' : conversion from 'double' to 'float', possible loss of data
     1>c:\users\james\documents\github\jgamlin-oceanwaves\source\rtvsd3dapp.cpp(516): warning C4244: '=' : conversion from 'double' to 'float', possible loss of data
     1>c:\users\james\documents\github\jgamlin-oceanwaves\source\rtvsd3dapp.cpp(517): warning C4244: '=' : conversion from 'double' to 'float', possible loss of data
     1>c:\users\james\documents\github\jgamlin-oceanwaves\source\rtvsd3dapp.cpp(518): warning C4244: '=' : conversion from 'double' to 'float', possible loss of data
     1>c:\users\james\documents\github\jgamlin-oceanwaves\source\rtvsd3dapp.cpp(519): warning C4244: '=' : conversion from 'double' to 'float', possible loss of data
     1>c:\users\james\documents\github\jgamlin-oceanwaves\source\rtvsd3dapp.cpp(520): warning C4244: '=' : conversion from 'double' to 'float', possible loss of data
     1>c:\users\james\documents\github\jgamlin-oceanwaves\source\rtvsd3dapp.cpp(521): warning C4244: '=' : conversion from 'double' to 'float', possible loss of data
     1>c:\users\james\documents\github\jgamlin-oceanwaves\source\rtvsd3dapp.cpp(536): warning C4244: '=' : conversion from 'double' to 'float', possible loss of data
     1>c:\users\james\documents\github\jgamlin-oceanwaves\source\rtvsd3dapp.cpp(537): warning C4244: '=' : conversion from 'double' to 'float', possible loss of data
     1>c:\users\james\documents\github\jgamlin-oceanwaves\source\rtvsd3dapp.cpp(538): warning C4244: '=' : conversion from 'double' to 'float', possible loss of data
     1>c:\users\james\documents\github\jgamlin-oceanwaves\source\rtvsd3dapp.cpp(539): warning C4244: '=' : conversion from 'double' to 'float', possible loss of data
     1>c:\users\james\documents\github\jgamlin-oceanwaves\source\rtvsd3dapp.cpp(540): warning C4244: '=' : conversion from 'double' to 'float', possible loss of data
     1>c:\users\james\documents\github\jgamlin-oceanwaves\source\rtvsd3dapp.cpp(541): warning C4244: '=' : conversion from 'double' to 'float', possible loss of data
     1>c:\users\james\documents\github\jgamlin-oceanwaves\source\rtvsd3dapp.cpp(542): warning C4244: '=' : conversion from 'double' to 'float', possible loss of data
     1>c:\users\james\documents\github\jgamlin-oceanwaves\source\rtvsd3dapp.cpp(557): warning C4244: '=' : conversion from 'double' to 'float', possible loss of data
     1>c:\users\james\documents\github\jgamlin-oceanwaves\source\rtvsd3dapp.cpp(558): warning C4244: '=' : conversion from 'double' to 'float', possible loss of data
     1>c:\users\james\documents\github\jgamlin-oceanwaves\source\rtvsd3dapp.cpp(559): warning C4244: '=' : conversion from 'double' to 'float', possible loss of data
     1>c:\users\james\documents\github\jgamlin-oceanwaves\source\rtvsd3dapp.cpp(560): warning C4244: '=' : conversion from 'double' to 'float', possible loss of data
     1>c:\users\james\documents\github\jgamlin-oceanwaves\source\rtvsd3dapp.cpp(561): warning C4244: '=' : conversion from 'double' to 'float', possible loss of data
     1>c:\users\james\documents\github\jgamlin-oceanwaves\source\rtvsd3dapp.cpp(562): warning C4244: '=' : conversion from 'double' to 'float', possible loss of data
     1>c:\users\james\documents\github\jgamlin-oceanwaves\source\rtvsd3dapp.cpp(563): warning C4244: '=' : conversion from 'double' to 'float', possible loss of data
     1>c:\users\james\documents\github\jgamlin-oceanwaves\source\rtvsd3dapp.cpp(355): warning C4101: 'currentWave' : unreferenced local variable
       ResourceCompile:
         All outputs are up-to-date.
       Link:
         C:\Program Files (x86)\Microsoft Visual Studio 10.0\VC\bin\link.exe /ERRORREPORT:PROMPT /OUT:".\Debug/rtvsD3dApp.exe" /NOLOGO AntTweakBar.lib d3dx9.lib d3d9.lib kernel32.lib user32.lib gdi32.lib winspool.lib comdlg32.lib advapi32.lib shell32.lib ole32.lib oleaut32.lib uuid.lib odbc32.lib odbccp32.lib /MANIFEST /ManifestFile:".\Debug\rtvsD3dApp.exe.intermediate.manifest" /MANIFESTUAC:"level='asInvoker' uiAccess='false'" /DEBUG /PDB:".\Debug/rtvsD3dApp.pdb" /SUBSYSTEM:WINDOWS /TLBID:1 /DYNAMICBASE /NXCOMPAT /IMPLIB:".\Debug\rtvsD3dApp.lib" /MACHINE:X86 .\Debug\rtvsD3dApp.res
         .\Debug/rtvsD3dApp.obj
         .\Debug/rtvsD3dWinLite.obj
         .\Debug/vector.obj
         LINK : .\Debug/rtvsD3dApp.exe not found or not built by the last incremental link; performing full link
         rtvsD3dApp.vcxproj -> C:\Users\James\Documents\GitHub\JGamlin-OceanWaves\.\Debug\rtvsD3dApp.exe
       Manifest:
         C:\Program Files (x86)\Microsoft SDKs\Windows\v7.0A\bin\mt.exe /nologo /verbose /outputresource:".\Debug/rtvsD3dApp.exe;#1" /manifest .\Debug\rtvsD3dApp.exe.intermediate.manifest
       BscMake:
         C:\Program Files (x86)\Microsoft Visual Studio 10.0\VC\bin\bscmake.exe /nologo /o".\Debug\rtvsD3dApp.bsc" .\Debug\rtvsD3dApp.sbr .\Debug\rtvsD3dWinLite.sbr .\Debug\vector.sbr
       FinalizeBuildStatus:
         Deleting file ".\Debug\rtvsD3dApp.unsuccessfulbuild".
         Touching ".\Debug\rtvsD3dApp.lastbuildstate".
     1>Done Building Project "C:\Users\James\Documents\GitHub\JGamlin-OceanWaves\rtvsD3dApp.vcxproj" (build target(s)).

Build succeeded.

Time Elapsed 00:00:05.30
