.\Debug\rtvsD3dApp.bsc
.\Debug\rtvsD3dApp.ilk
.\Debug\rtvsD3dApp.pdb
C:\Users\James\Documents\GitHub\JGamlin-OceanWaves\.\Debug\rtvsD3dApp.exe
C:\Users\James\Documents\GitHub\JGamlin-OceanWaves\.\Debug\rtvsD3dApp.exe.intermediate.manifest
C:\Users\James\Documents\GitHub\JGamlin-OceanWaves\Debug\BscMake.command.1.tlog
C:\Users\James\Documents\GitHub\JGamlin-OceanWaves\Debug\bscmake.read.1.tlog
C:\Users\James\Documents\GitHub\JGamlin-OceanWaves\Debug\bscmake.write.1.tlog
C:\Users\James\Documents\GitHub\JGamlin-OceanWaves\Debug\cl.command.1.tlog
C:\Users\James\Documents\GitHub\JGamlin-OceanWaves\Debug\CL.read.1.tlog
C:\Users\James\Documents\GitHub\JGamlin-OceanWaves\Debug\CL.write.1.tlog
C:\Users\James\Documents\GitHub\JGamlin-OceanWaves\Debug\link.command.1.tlog
C:\Users\James\Documents\GitHub\JGamlin-OceanWaves\Debug\link.read.1.tlog
C:\Users\James\Documents\GitHub\JGamlin-OceanWaves\Debug\link.write.1.tlog
C:\Users\James\Documents\GitHub\JGamlin-OceanWaves\Debug\link-cvtres.read.1.tlog
C:\Users\James\Documents\GitHub\JGamlin-OceanWaves\Debug\link-cvtres.write.1.tlog
C:\Users\James\Documents\GitHub\JGamlin-OceanWaves\Debug\mt.command.1.tlog
C:\Users\James\Documents\GitHub\JGamlin-OceanWaves\Debug\mt.read.1.tlog
C:\Users\James\Documents\GitHub\JGamlin-OceanWaves\Debug\mt.write.1.tlog
C:\Users\James\Documents\GitHub\JGamlin-OceanWaves\Debug\rc.command.1.tlog
C:\Users\James\Documents\GitHub\JGamlin-OceanWaves\Debug\rc.read.1.tlog
C:\Users\James\Documents\GitHub\JGamlin-OceanWaves\Debug\rc.write.1.tlog
C:\USERS\JAMES\DOCUMENTS\GITHUB\JGAMLIN-OCEANWAVES\DEBUG\RTVSD3DAPP.BSC
C:\USERS\JAMES\DOCUMENTS\GITHUB\JGAMLIN-OCEANWAVES\DEBUG\RTVSD3DAPP.EXE
C:\USERS\JAMES\DOCUMENTS\GITHUB\JGAMLIN-OCEANWAVES\DEBUG\RTVSD3DAPP.EXE.INTERMEDIATE.MANIFEST
C:\USERS\JAMES\DOCUMENTS\GITHUB\JGAMLIN-OCEANWAVES\DEBUG\RTVSD3DAPP.ILK
C:\USERS\JAMES\DOCUMENTS\GITHUB\JGAMLIN-OCEANWAVES\DEBUG\RTVSD3DAPP.OBJ
C:\USERS\JAMES\DOCUMENTS\GITHUB\JGAMLIN-OCEANWAVES\DEBUG\RTVSD3DAPP.PDB
C:\USERS\JAMES\DOCUMENTS\GITHUB\JGAMLIN-OCEANWAVES\DEBUG\RTVSD3DAPP.RES
C:\USERS\JAMES\DOCUMENTS\GITHUB\JGAMLIN-OCEANWAVES\DEBUG\RTVSD3DAPP.SBR
C:\Users\James\Documents\GitHub\JGamlin-OceanWaves\Debug\rtvsD3dApp.vcxprojResolveAssemblyReference.cache
C:\Users\James\Documents\GitHub\JGamlin-OceanWaves\Debug\rtvsD3dApp.write.1.tlog
C:\USERS\JAMES\DOCUMENTS\GITHUB\JGAMLIN-OCEANWAVES\DEBUG\RTVSD3DWINLITE.OBJ
C:\USERS\JAMES\DOCUMENTS\GITHUB\JGAMLIN-OCEANWAVES\DEBUG\RTVSD3DWINLITE.SBR
C:\Users\James\Documents\GitHub\JGamlin-OceanWaves\Debug\vc100.idb
C:\USERS\JAMES\DOCUMENTS\GITHUB\JGAMLIN-OCEANWAVES\DEBUG\VC100.PDB
C:\USERS\JAMES\DOCUMENTS\GITHUB\JGAMLIN-OCEANWAVES\DEBUG\VECTOR.OBJ
C:\USERS\JAMES\DOCUMENTS\GITHUB\JGAMLIN-OCEANWAVES\DEBUG\VECTOR.SBR
